GET /api/records/actors 200 19260 - 67.043 ms Sat, 24 Feb 2024 17:26:35 GMT
DELETE /api/records/199 200 41 - 46.808 ms Sat, 24 Feb 2024 17:27:31 GMT
GET /api/records/199 500 26 - 8.903 ms Sat, 24 Feb 2024 17:27:36 GMT
GET /api/records/actors 200 19165 - 8.952 ms Sat, 24 Feb 2024 17:27:43 GMT
POST /api/records/actors 404 158 - 14.002 ms Sat, 24 Feb 2024 17:49:38 GMT
POST /api/records/actors 404 158 - 2.452 ms Sat, 24 Feb 2024 17:49:58 GMT
POST /api/records 201 93 - 47.990 ms Sat, 24 Feb 2024 17:50:17 GMT
GET /api/records/actors 500 26 - 240.529 ms Sun, 25 Feb 2024 03:57:53 GMT
GET /api/records/actors 500 26 - 686.079 ms Sun, 25 Feb 2024 03:59:14 GMT
GET /api/records/actors 500 26 - 1360.676 ms Sun, 25 Feb 2024 04:02:41 GMT
GET /api/records/actors 500 26 - 477.981 ms Sun, 25 Feb 2024 04:03:37 GMT
PUT /api/records/207 500 26 - 508.125 ms Sun, 25 Feb 2024 04:03:58 GMT
PUT /api/records/207 500 26 - 1328.551 ms Sun, 25 Feb 2024 04:07:05 GMT
GET /api/records/actors 500 26 - 79.921 ms Sun, 25 Feb 2024 04:33:47 GMT
GET /api/records/actors 200 19259 - 90.187 ms Sun, 25 Feb 2024 04:35:21 GMT
GET /api/records/actors 200 19259 - 77.893 ms Sun, 25 Feb 2024 04:42:54 GMT
PUT /api/records/207 200 93 - 42.883 ms Sun, 25 Feb 2024 04:43:02 GMT
PUT /api/records/207 200 90 - 33.834 ms Sun, 25 Feb 2024 04:43:16 GMT
GET /api/records/actors 200 19257 - 4.191 ms Sun, 25 Feb 2024 04:43:25 GMT
GET /api/records/actors 200 19257 - 92.663 ms Sun, 25 Feb 2024 04:45:44 GMT
GET /api/records/actors 200 19257 - 79.355 ms Sun, 25 Feb 2024 04:46:10 GMT
GET /api/records/actors 200 19257 - 83.488 ms Sun, 25 Feb 2024 04:57:13 GMT
GET /api/records/actors 200 19257 - 46.972 ms Sun, 25 Feb 2024 04:57:27 GMT
GET /api/records/actors 200 19257 - 94.946 ms Sun, 25 Feb 2024 05:13:00 GMT
